<?xml version="1.0" encoding="UTF-8"?>
<!-- Generated by org.testng.reporters.JUnitXMLReporter -->
<testsuite hostname="DESKTOP-ASB5QBL" ignored="2" name="Test" tests="2" failures="0" timestamp="24 Jul 2024 02:47:50 GMT" time="37.98" errors="0">
  <testcase name="@BeforeClass orgLogin" time="0.001" classname="testNG.TestNGMaster">
    <failure type="java.lang.NullPointerException">
      <![CDATA[java.lang.NullPointerException
at testNG.TestNGMaster.orgLogin(TestNGMaster.java:51)
... Removed 26 stack frames]]>
    </failure>
  </testcase> <!-- @BeforeClass orgLogin -->
  <testcase name="@AfterClass orgLogout" time="0.0" classname="testNG.TestNGMaster">
    <skipped/>
  </testcase> <!-- @AfterClass orgLogout -->
  <testcase name="orgEmpReg" time="4.651" classname="testNG.EmpReg_testNG"/>
  <testcase name="orgUserReg" time="0.0" classname="testNG.UserReg_testNG">
    <skipped/>
  </testcase> <!-- orgUserReg -->
  <testcase name="@AfterTest orgClose" time="0.0" classname="testNG.TestNGMaster">
    <ignored/>
  </testcase> <!-- @AfterTest orgClose -->
  <testcase name="@BeforeTest orgLaunch" time="0.0" classname="testNG.TestNGMaster">
    <ignored/>
  </testcase> <!-- @BeforeTest orgLaunch -->
</testsuite> <!-- Test -->
